\BOOKMARK [1][-]{section.1}{\376\377\000I\000n\000t\000r\000o\000d\000u\000c\000t\000i\000o\000n}{}% 1
\BOOKMARK [2][-]{subsection.1.1}{\376\377\000C\000o\000n\000t\000e\000x\000t\000\040\000o\000f\000\040\000T\000h\000e\000\040\000P\000r\000o\000b\000l\000e\000m}{section.1}% 2
\BOOKMARK [2][-]{subsection.1.2}{\376\377\000F\000i\000n\000d\000i\000n\000g\000\040\000T\000h\000e\000\040\000D\000a\000t\000a}{section.1}% 3
\BOOKMARK [2][-]{subsection.1.3}{\376\377\000D\000a\000t\000a\000\040\000P\000r\000e\000p\000r\000o\000c\000e\000s\000s\000i\000n\000g}{section.1}% 4
\BOOKMARK [2][-]{subsection.1.4}{\376\377\000T\000h\000e\000\040\000T\000a\000s\000k\000\040\000a\000t\000\040\000H\000a\000n\000d}{section.1}% 5
\BOOKMARK [2][-]{subsection.1.5}{\376\377\000P\000r\000e\000v\000i\000o\000u\000s\000\040\000w\000o\000r\000k}{section.1}% 6
\BOOKMARK [1][-]{section.2}{\376\377\000A\000s\000s\000u\000m\000p\000t\000i\000o\000n\000s}{}% 7
\BOOKMARK [1][-]{section.3}{\376\377\000S\000y\000m\000b\000o\000l\000s}{}% 8
\BOOKMARK [1][-]{section.4}{\376\377\000T\000i\000m\000e\000\040\000s\000e\000r\000i\000e\000s\000\040\000m\000o\000d\000e\000l}{}% 9
\BOOKMARK [2][-]{subsection.4.1}{\376\377\000\040\000H\000o\000l\000t\000-\000W\000i\000n\000t\000e\000r\000s\000\040\000M\000e\000t\000h\000o\000d\000\040\000\050\000T\000h\000r\000e\000e\000\040\000O\000r\000d\000e\000r\000\040\000E\000x\000p\000o\000n\000e\000n\000t\000i\000a\000l\000\040\000S\000m\000o\000o\000t\000h\000i\000n\000g\000\051\000\040}{section.4}% 10
\BOOKMARK [2][-]{subsection.4.2}{\376\377\000T\000r\000a\000j\000e\000c\000t\000o\000r\000y\000\040\000A\000n\000a\000l\000y\000s\000i\000s}{section.4}% 11
\BOOKMARK [3][-]{subsubsection.4.2.1}{\376\377\000C\000o\000m\000p\000a\000r\000a\000t\000i\000o\000n}{subsection.4.2}% 12
\BOOKMARK [3][-]{subsubsection.4.2.2}{\376\377\000T\000r\000a\000j\000e\000c\000t\000o\000r\000y\000\040\000a\000n\000a\000l\000y\000s\000i\000s}{subsection.4.2}% 13
\BOOKMARK [2][-]{subsection.4.3}{\376\377\000S\000e\000n\000s\000i\000t\000i\000v\000i\000t\000y\000\040\000A\000n\000a\000l\000y\000s\000i\000s}{section.4}% 14
\BOOKMARK [2][-]{subsection.4.4}{\376\377\000S\000t\000r\000e\000n\000g\000t\000h\000s\000\040\000a\000n\000d\000\040\000W\000e\000a\000k\000n\000e\000s\000s\000e\000s}{section.4}% 15
\BOOKMARK [3][-]{subsubsection.4.4.1}{\376\377\000S\000t\000r\000e\000n\000g\000t\000h\000s}{subsection.4.4}% 16
\BOOKMARK [3][-]{subsubsection.4.4.2}{\376\377\000W\000e\000a\000k\000n\000e\000s\000s\000e\000s}{subsection.4.4}% 17
\BOOKMARK [1][-]{section.5}{\376\377\000M\000a\000r\000k\000o\000v\000\040\000M\000o\000d\000e\000l}{}% 18
\BOOKMARK [2][-]{subsection.5.1}{\376\377\000P\000r\000e\000d\000i\000c\000t\000i\000o\000n\000\040\000M\000o\000d\000e\000l\000s}{section.5}% 19
\BOOKMARK [2][-]{subsection.5.2}{\376\377\000M\000o\000d\000e\000l\000\040\000I\000m\000p\000l\000e\000m\000e\000n\000t\000a\000t\000i\000o\000n}{section.5}% 20
\BOOKMARK [2][-]{subsection.5.3}{\376\377\000S\000t\000r\000e\000n\000g\000t\000h\000s\000\040\000a\000n\000d\000\040\000W\000e\000a\000k\000n\000e\000s\000s\000e\000s}{section.5}% 21
\BOOKMARK [3][-]{subsubsection.5.3.1}{\376\377\000S\000t\000r\000e\000n\000g\000t\000h\000s}{subsection.5.3}% 22
\BOOKMARK [3][-]{subsubsection.5.3.2}{\376\377\000W\000e\000a\000k\000n\000e\000s\000s\000e\000s}{subsection.5.3}% 23
\BOOKMARK [1][-]{section.6}{\376\377\000C\000o\000n\000c\000l\000u\000s\000i\000o\000n}{}% 24
\BOOKMARK [2][-]{subsection.6.1}{\376\377\000F\000u\000t\000u\000r\000e\000\040\000O\000z\000o\000n\000e\000\040\000L\000e\000v\000e\000l\000\040\000T\000r\000a\000j\000e\000c\000t\000o\000r\000i\000e\000s}{section.6}% 25
\BOOKMARK [2][-]{subsection.6.2}{\376\377\000F\000u\000t\000u\000r\000e\000\040\000W\000o\000r\000k\000s}{section.6}% 26
\BOOKMARK [3][-]{subsubsection.6.2.1}{\376\377\000P\000r\000o\000t\000e\000c\000t\000\040\000t\000h\000e\000\040\000O\000z\000o\000n\000e}{subsection.6.2}% 27
